#
# A fatal error has been detected by the Java Runtime Environment:
#
#  EXCEPTION_ACCESS_VIOLATION (0xc0000005) at pc=0x00007ffc948f6ba7, pid=8388, tid=6728
#
# JRE version: OpenJDK Runtime Environment (11.0.15) (build 11.0.15+0-b2043.56-8887301)
# Java VM: OpenJDK 64-Bit Server VM (11.0.15+0-b2043.56-8887301, mixed mode, tiered, compressed oops, g1 gc, windows-amd64)
# Problematic frame:
# V  [jvm.dll+0x696ba7]
#
# No core dump will be written. Minidumps are not enabled by default on client versions of Windows
#
# If you would like to submit a bug report, please visit:
#   https://bugreport.java.com/bugreport/crash.jsp
#

---------------  S U M M A R Y ------------

Command Line: org.jetbrains.kotlin.cli.jvm.K2JVMCompiler @P:\YourNotes\app\build\20230201_3979690367035890461.compiler.options

Host: Intel(R) Core(TM) i3-7100 CPU @ 3.90GHz, 4 cores, 11G,  Windows 10 , 64 bit Build 19041 (10.0.19041.2364)
Time: Wed Feb  1 21:13:01 2023 Bangladesh Standard Time elapsed time: 2.054698 seconds (0d 0h 0m 2s)

---------------  T H R E A D  ---------------

Current thread (0x000001993f8ea000):  JavaThread "C2 CompilerThread1" daemon [_thread_in_native, id=6728, stack(0x00000024ad400000,0x00000024ad500000)]


Current CompileTask:
C2:   2054 2358       4       org.jetbrains.kotlin.com.intellij.openapi.vfs.impl.ZipHandlerBase::getOrCreate (292 bytes)

Stack: [0x00000024ad400000,0x00000024ad500000],  sp=0x00000024ad4fb8b0,  free space=1006k
Native frames: (J=compiled Java code, j=interpreted, Vv=VM code, C=native code)
V  [jvm.dll+0x696ba7]
V  [jvm.dll+0x1b3673]
V  [jvm.dll+0x22163e]
V  [jvm.dll+0x220498]
V  [jvm.dll+0x19e851]
V  [jvm.dll+0x230479]
V  [jvm.dll+0x22e5ef]
V  [jvm.dll+0x794de1]
V  [jvm.dll+0x78dc24]
V  [jvm.dll+0x6400f6]
C  [ucrtbase.dll+0x21bb2]
C  [KERNEL32.DLL+0x17614]
C  [ntdll.dll+0x526a1]


siginfo: EXCEPTION_ACCESS_VIOLATION (0xc0000005), reading address 0x000000000000002c


Register to memory mapping:

RIP=0x00007ffc948f6ba7 jvm.dll
RAX=0x00000199428f3630 points into unknown readable memory: 0x00000199428f3538 | 38 35 8f 42 99 01 00 00
RBX=0x00000000ffffffff is an unknown value
RCX=0x0000000000000001 is an unknown value
RDX=0x0000000000000001 is an unknown value
RSP=0x00000024ad4fb8b0 is pointing into the stack for thread: 0x000001993f8ea000
RBP=0x00000024ad4fb9b0 is pointing into the stack for thread: 0x000001993f8ea000
RSI=0x0000000000000001 is an unknown value
RDI=0x0 is NULL
R8 =0x0000000000000007 is an unknown value
R9 =0x00000199428f35a0 points into unknown readable memory: 0x00007ffc94b049d8 | d8 49 b0 94 fc 7f 00 00
R10=0x0000000000000007 is an unknown value
R11=0x0000000000000089 is an unknown value
R12=0x00000000000000a0 is an unknown value
R13=0x0000019940d17d80 points into unknown readable memory: 0x00007ffc94b00178 | 78 01 b0 94 fc 7f 00 00
R14=0x0 is NULL
R15=0x0000019940bcd900 points into unknown readable memory: 0x0101010101010101 | 01 01 01 01 01 01 01 01


Registers:
RAX=0x00000199428f3630, RBX=0x00000000ffffffff, RCX=0x0000000000000001, RDX=0x0000000000000001
RSP=0x00000024ad4fb8b0, RBP=0x00000024ad4fb9b0, RSI=0x0000000000000001, RDI=0x0000000000000000
R8 =0x0000000000000007, R9 =0x00000199428f35a0, R10=0x0000000000000007, R11=0x0000000000000089
R12=0x00000000000000a0, R13=0x0000019940d17d80, R14=0x0000000000000000, R15=0x0000019940bcd900
RIP=0x00007ffc948f6ba7, EFLAGS=0x0000000000010293

Top of Stack: (sp=0x00000024ad4fb8b0)
0x00000024ad4fb8b0:   00000024ad4fc140 0000000000000007
0x00000024ad4fb8c0:   0000000000000000 00000024ad4fb9b0
0x00000024ad4fb8d0:   0000019940f31740 0000019900000001
0x00000024ad4fb8e0:   00000199000017f5 00000024ad4fba01
0x00000024ad4fb8f0:   0000019900000000 00000024ad4fbbb0
0x00000024ad4fb900:   0000000000000069 00000024ad4fc140
0x00000024ad4fb910:   0000000200000002 00000199428f35a0
0x00000024ad4fb920:   0000019900000001 0000000000000000
0x00000024ad4fb930:   0000000000000089 0000000000000000
0x00000024ad4fb940:   0000019940bcd980 000003ba00000000
0x00000024ad4fb950:   0000019940bcddd0 000001994106ba30
0x00000024ad4fb960:   0000019941069960 00000000000000a0
0x00000024ad4fb970:   00000b9300000000 00000024ad4fbe70
0x00000024ad4fb980:   0000002400000014 0000019940000db0
0x00000024ad4fb990:   0000019941067890 0000000000000002
0x00000024ad4fb9a0:   0000000000000000 00000b9300000089 

Instructions: (pc=0x00007ffc948f6ba7)
0x00007ffc948f6aa7:   8b 51 18 66 0f 1f 44 00 00 45 85 d2 74 09 48 8b
0x00007ffc948f6ab7:   41 20 48 8b 00 eb 02 33 c0 48 8b 40 08 45 0f b6
0x00007ffc948f6ac7:   ff 4a 8b 0c 00 8b 41 28 48 8b 0c c6 48 8b 45 e0
0x00007ffc948f6ad7:   8b 51 4c 48 8b 04 d0 4a 8b 0c d8 48 8b 45 b0 48
0x00007ffc948f6ae7:   3b d9 48 8b 04 d0 41 0f b6 14 06 b8 01 00 00 00
0x00007ffc948f6af7:   44 0f 45 f8 48 85 db 74 10 48 85 c9 74 0b 40 3a
0x00007ffc948f6b07:   fa 45 0f b6 e4 44 0f 45 e0 48 8b d9 0f b6 fa 4d
0x00007ffc948f6b17:   85 ed 75 0e 48 85 c9 74 09 4c 8b e9 88 95 28 03
0x00007ffc948f6b27:   00 00 48 8b 4c 24 68 49 83 c0 08 4c 2b c8 0f 85
0x00007ffc948f6b37:   75 ff ff ff 44 89 65 98 4c 8b 65 b8 eb 05 b8 01
0x00007ffc948f6b47:   00 00 00 4c 8b 75 88 8b f0 4c 8b 4c 24 68 66 66
0x00007ffc948f6b57:   66 0f 1f 84 00 00 00 00 00 41 8b 59 28 ff cb 41
0x00007ffc948f6b67:   3b 59 18 73 0a 49 8b 41 20 48 8b 3c d8 eb 02 33
0x00007ffc948f6b77:   ff 48 8b 07 48 8b cf ff 50 20 4c 8b 4c 24 68 48
0x00007ffc948f6b87:   3b c7 74 04 41 2b 59 48 3b f3 77 60 41 3b 71 18
0x00007ffc948f6b97:   73 0c 49 8b 41 20 8b ce 48 8b 3c c8 eb 02 33 ff
0x00007ffc948f6ba7:   8b 47 2c 83 e0 0f 3c 0c 75 42 48 8b 85 10 03 00
0x00007ffc948f6bb7:   00 4c 63 47 28 48 8b 90 28 01 00 00 48 8b 45 10
0x00007ffc948f6bc7:   42 8b 0c b0 42 39 0c 82 74 04 ff c6 eb 8b 48 8b
0x00007ffc948f6bd7:   4d 90 44 8b 7c 24 70 4c 8b 6c 24 68 48 8b b5 10
0x00007ffc948f6be7:   03 00 00 4a 89 3c f1 e9 09 02 00 00 45 84 ff 75
0x00007ffc948f6bf7:   59 4c 8b 6c 24 68 ba 01 00 00 00 49 8b cd e8 e6
0x00007ffc948f6c07:   25 a9 ff 48 8b b5 10 03 00 00 48 8b 7d b0 4c 8b
0x00007ffc948f6c17:   7d 90 8b 50 28 48 8b 46 48 48 8b 5d a0 48 8b 48
0x00007ffc948f6c27:   78 48 8b 04 d1 48 8b 4d e0 8b 40 4c 48 8b 14 c7
0x00007ffc948f6c37:   48 8b 04 c1 4a 8b 0c f0 4b 89 0c f7 42 0f b6 04
0x00007ffc948f6c47:   32 41 88 04 1e e9 9a 03 00 00 4d 85 ed 75 24 4c
0x00007ffc948f6c57:   8d 0d b3 9d 29 00 ba b2 02 00 00 4c 8d 05 cf 9d
0x00007ffc948f6c67:   29 00 48 8d 0d e0 9d 29 00 e8 0b 24 bd ff e8 16
0x00007ffc948f6c77:   24 fa ff 48 8b 45 e8 65 48 8b 0c 25 58 00 00 00
0x00007ffc948f6c87:   4c 8b 3c c1 b8 10 00 00 00 44 8b e0 42 80 3c 38
0x00007ffc948f6c97:   00 75 05 e8 a5 e7 16 00 b8 08 00 00 00 4a 8b 0c 


Stack slot to memory mapping:
stack at sp + 0 slots: 0x00000024ad4fc140 is pointing into the stack for thread: 0x000001993f8ea000
stack at sp + 1 slots: 0x0000000000000007 is an unknown value
stack at sp + 2 slots: 0x0 is NULL
stack at sp + 3 slots: 0x00000024ad4fb9b0 is pointing into the stack for thread: 0x000001993f8ea000
stack at sp + 4 slots: 0x0000019940f31740 points into unknown readable memory: 0x00007ffc94ab7ba0 | a0 7b ab 94 fc 7f 00 00
stack at sp + 5 slots: 0x0000019900000001 is an unknown value
stack at sp + 6 slots: 0x00000199000017f5 is an unknown value
stack at sp + 7 slots: 0x00000024ad4fba01 is pointing into the stack for thread: 0x000001993f8ea000


---------------  P R O C E S S  ---------------

Threads class SMR info:
_java_thread_list=0x000001993f8bb4c0, length=11, elements={
0x0000019920cae000, 0x000001993eee7800, 0x000001993eef5000, 0x000001993f733800,
0x000001993f735800, 0x000001993f737800, 0x000001993f73a800, 0x000001993f73f000,
0x000001993f789800, 0x000001993f8ed800, 0x000001993f8ea000
}

Java Threads: ( => current thread )
  0x0000019920cae000 JavaThread "main" [_thread_in_vm, id=9780, stack(0x00000024ac300000,0x00000024ac400000)]
  0x000001993eee7800 JavaThread "Reference Handler" daemon [_thread_blocked, id=5308, stack(0x00000024aca00000,0x00000024acb00000)]
  0x000001993eef5000 JavaThread "Finalizer" daemon [_thread_blocked, id=4416, stack(0x00000024acb00000,0x00000024acc00000)]
  0x000001993f733800 JavaThread "Signal Dispatcher" daemon [_thread_blocked, id=5184, stack(0x00000024acc00000,0x00000024acd00000)]
  0x000001993f735800 JavaThread "Attach Listener" daemon [_thread_blocked, id=8008, stack(0x00000024acd00000,0x00000024ace00000)]
  0x000001993f737800 JavaThread "Service Thread" daemon [_thread_blocked, id=5516, stack(0x00000024ace00000,0x00000024acf00000)]
  0x000001993f73a800 JavaThread "C2 CompilerThread0" daemon [_thread_in_native, id=4908, stack(0x00000024acf00000,0x00000024ad000000)]
  0x000001993f73f000 JavaThread "C1 CompilerThread0" daemon [_thread_blocked, id=11356, stack(0x00000024ad000000,0x00000024ad100000)]
  0x000001993f789800 JavaThread "Sweeper thread" daemon [_thread_blocked, id=5844, stack(0x00000024ad100000,0x00000024ad200000)]
  0x000001993f8ed800 JavaThread "Common-Cleaner" daemon [_thread_blocked, id=12140, stack(0x00000024ad300000,0x00000024ad400000)]
=>0x000001993f8ea000 JavaThread "C2 CompilerThread1" daemon [_thread_in_native, id=6728, stack(0x00000024ad400000,0x00000024ad500000)]

Other Threads:
  0x000001993f726000 VMThread "VM Thread" [stack: 0x00000024ac900000,0x00000024aca00000] [id=3956]
  0x000001993f8e5800 WatcherThread [stack: 0x00000024ad200000,0x00000024ad300000] [id=3816]
  0x0000019922ceb000 GCTaskThread "GC Thread#0" [stack: 0x00000024ac400000,0x00000024ac500000] [id=1104]
  0x000001993fe4d800 GCTaskThread "GC Thread#1" [stack: 0x00000024ad500000,0x00000024ad600000] [id=10880]
  0x000001993fe4e800 GCTaskThread "GC Thread#2" [stack: 0x00000024ad600000,0x00000024ad700000] [id=3864]
  0x000001993fe5d000 GCTaskThread "GC Thread#3" [stack: 0x00000024ad700000,0x00000024ad800000] [id=3508]
  0x0000019922d31800 ConcurrentGCThread "G1 Main Marker" [stack: 0x00000024ac500000,0x00000024ac600000] [id=10024]
  0x0000019922d34000 ConcurrentGCThread "G1 Conc#0" [stack: 0x00000024ac600000,0x00000024ac700000] [id=3488]
  0x000001993ed53800 ConcurrentGCThread "G1 Refine#0" [stack: 0x00000024ac700000,0x00000024ac800000] [id=11780]
  0x000001993ed54800 ConcurrentGCThread "G1 Young RemSet Sampling" [stack: 0x00000024ac800000,0x00000024ac900000] [id=5536]

Threads with active compile tasks:
C2 CompilerThread0     2073 2394   !   4       jdk.internal.loader.BuiltinClassLoader::loadClassOrNull (143 bytes)
C2 CompilerThread1     2073 2358       4       org.jetbrains.kotlin.com.intellij.openapi.vfs.impl.ZipHandlerBase::getOrCreate (292 bytes)

VM state:not at safepoint (normal execution)

VM Mutex/Monitor currently owned by a thread: None

Heap address: 0x0000000740a00000, size: 3062 MB, Compressed Oops mode: Zero based, Oop shift amount: 3
Narrow klass base: 0x0000000800000000, Narrow klass shift: 0
Compressed class space size: 1073741824 Address: 0x0000000800000000

Heap:
 garbage-first heap   total 196608K, used 27464K [0x0000000740a00000, 0x0000000800000000)
  region size 1024K, 12 young (12288K), 7 survivors (7168K)
 Metaspace       used 33368K, capacity 33843K, committed 34096K, reserved 1079296K
  class space    used 4163K, capacity 4387K, committed 4480K, reserved 1048576K
Heap Regions: E=young(eden), S=young(survivor), O=old, HS=humongous(starts), HC=humongous(continues), CS=collection set, F=free, A=archive, TAMS=top-at-mark-start (previous, next)
|   0|0x0000000740a00000, 0x0000000740b00000, 0x0000000740b00000|100%|HS|  |TAMS 0x0000000740b00000, 0x0000000740a00000| Complete 
|   1|0x0000000740b00000, 0x0000000740c00000, 0x0000000740c00000|100%|HC|  |TAMS 0x0000000740c00000, 0x0000000740b00000| Complete 
|   2|0x0000000740c00000, 0x0000000740d00000, 0x0000000740d00000|100%|HC|  |TAMS 0x0000000740d00000, 0x0000000740c00000| Complete 
|   3|0x0000000740d00000, 0x0000000740e00000, 0x0000000740e00000|100%|HC|  |TAMS 0x0000000740e00000, 0x0000000740d00000| Complete 
|   4|0x0000000740e00000, 0x0000000740f00000, 0x0000000740f00000|100%| O|  |TAMS 0x0000000740e00000, 0x0000000740e00000| Untracked 
|   5|0x0000000740f00000, 0x0000000741000000, 0x0000000741000000|100%| O|  |TAMS 0x0000000740f22400, 0x0000000740f00000| Untracked 
|   6|0x0000000741000000, 0x0000000741100000, 0x0000000741100000|100%|HS|  |TAMS 0x0000000741000000, 0x0000000741000000| Complete 
|   7|0x0000000741100000, 0x0000000741200000, 0x0000000741200000|100%|HC|  |TAMS 0x0000000741100000, 0x0000000741100000| Complete 
|   8|0x0000000741200000, 0x0000000741300000, 0x0000000741300000|100%|HC|  |TAMS 0x0000000741200000, 0x0000000741200000| Complete 
|   9|0x0000000741300000, 0x0000000741400000, 0x0000000741400000|100%|HC|  |TAMS 0x0000000741300000, 0x0000000741300000| Complete 
|  10|0x0000000741400000, 0x0000000741500000, 0x0000000741500000|100%|HS|  |TAMS 0x0000000741400000, 0x0000000741400000| Complete 
|  11|0x0000000741500000, 0x0000000741600000, 0x0000000741600000|100%|HC|  |TAMS 0x0000000741500000, 0x0000000741500000| Complete 
|  12|0x0000000741600000, 0x0000000741700000, 0x0000000741700000|100%| O|  |TAMS 0x0000000741600000, 0x0000000741600000| Untracked 
|  13|0x0000000741700000, 0x0000000741800000, 0x0000000741800000|100%| O|  |TAMS 0x0000000741700000, 0x0000000741700000| Untracked 
|  14|0x0000000741800000, 0x0000000741900000, 0x0000000741900000|100%| O|  |TAMS 0x0000000741800000, 0x0000000741800000| Untracked 
|  15|0x0000000741900000, 0x0000000741a00000, 0x0000000741a00000|100%| O|  |TAMS 0x0000000741900000, 0x0000000741900000| Untracked 
|  16|0x0000000741a00000, 0x0000000741a98a00, 0x0000000741b00000| 59%| O|  |TAMS 0x0000000741a00000, 0x0000000741a00000| Untracked 
|  17|0x0000000741b00000, 0x0000000741b00000, 0x0000000741c00000|  0%| F|  |TAMS 0x0000000741b00000, 0x0000000741b00000| Untracked 
|  18|0x0000000741c00000, 0x0000000741c00000, 0x0000000741d00000|  0%| F|  |TAMS 0x0000000741c00000, 0x0000000741c00000| Untracked 
|  19|0x0000000741d00000, 0x0000000741d00000, 0x0000000741e00000|  0%| F|  |TAMS 0x0000000741d00000, 0x0000000741d00000| Untracked 
|  20|0x0000000741e00000, 0x0000000741e00000, 0x0000000741f00000|  0%| F|  |TAMS 0x0000000741e00000, 0x0000000741e00000| Untracked 
|  21|0x0000000741f00000, 0x0000000741f00000, 0x0000000742000000|  0%| F|  |TAMS 0x0000000741f00000, 0x0000000741f00000| Untracked 
|  22|0x0000000742000000, 0x0000000742000000, 0x0000000742100000|  0%| F|  |TAMS 0x0000000742000000, 0x0000000742000000| Untracked 
|  23|0x0000000742100000, 0x0000000742100000, 0x0000000742200000|  0%| F|  |TAMS 0x0000000742100000, 0x0000000742100000| Untracked 
|  24|0x0000000742200000, 0x0000000742200000, 0x0000000742300000|  0%| F|  |TAMS 0x0000000742200000, 0x0000000742200000| Untracked 
|  25|0x0000000742300000, 0x0000000742300000, 0x0000000742400000|  0%| F|  |TAMS 0x0000000742300000, 0x0000000742300000| Untracked 
|  26|0x0000000742400000, 0x0000000742400000, 0x0000000742500000|  0%| F|  |TAMS 0x0000000742400000, 0x0000000742400000| Untracked 
|  27|0x0000000742500000, 0x0000000742500000, 0x0000000742600000|  0%| F|  |TAMS 0x0000000742500000, 0x0000000742500000| Untracked 
|  28|0x0000000742600000, 0x0000000742600000, 0x0000000742700000|  0%| F|  |TAMS 0x0000000742600000, 0x0000000742600000| Untracked 
|  29|0x0000000742700000, 0x0000000742700000, 0x0000000742800000|  0%| F|  |TAMS 0x0000000742700000, 0x0000000742700000| Untracked 
|  30|0x0000000742800000, 0x0000000742800000, 0x0000000742900000|  0%| F|  |TAMS 0x0000000742800000, 0x0000000742800000| Untracked 
|  31|0x0000000742900000, 0x0000000742900000, 0x0000000742a00000|  0%| F|  |TAMS 0x0000000742900000, 0x0000000742900000| Untracked 
|  32|0x0000000742a00000, 0x0000000742a00000, 0x0000000742b00000|  0%| F|  |TAMS 0x0000000742a00000, 0x0000000742a00000| Untracked 
|  33|0x0000000742b00000, 0x0000000742b00000, 0x0000000742c00000|  0%| F|  |TAMS 0x0000000742b00000, 0x0000000742b00000| Untracked 
|  34|0x0000000742c00000, 0x0000000742c00000, 0x0000000742d00000|  0%| F|  |TAMS 0x0000000742c00000, 0x0000000742c00000| Untracked 
|  35|0x0000000742d00000, 0x0000000742d00000, 0x0000000742e00000|  0%| F|  |TAMS 0x0000000742d00000, 0x0000000742d00000| Untracked 
|  36|0x0000000742e00000, 0x0000000742e00000, 0x0000000742f00000|  0%| F|  |TAMS 0x0000000742e00000, 0x0000000742e00000| Untracked 
|  37|0x0000000742f00000, 0x0000000742f00000, 0x0000000743000000|  0%| F|  |TAMS 0x0000000742f00000, 0x0000000742f00000| Untracked 
|  38|0x0000000743000000, 0x0000000743000000, 0x0000000743100000|  0%| F|  |TAMS 0x0000000743000000, 0x0000000743000000| Untracked 
|  39|0x0000000743100000, 0x0000000743100000, 0x0000000743200000|  0%| F|  |TAMS 0x0000000743100000, 0x0000000743100000| Untracked 
|  40|0x0000000743200000, 0x0000000743200000, 0x0000000743300000|  0%| F|  |TAMS 0x0000000743200000, 0x0000000743200000| Untracked 
|  41|0x0000000743300000, 0x0000000743300000, 0x0000000743400000|  0%| F|  |TAMS 0x0000000743300000, 0x0000000743300000| Untracked 
|  42|0x0000000743400000, 0x0000000743400000, 0x0000000743500000|  0%| F|  |TAMS 0x0000000743400000, 0x0000000743400000| Untracked 
|  43|0x0000000743500000, 0x0000000743500000, 0x0000000743600000|  0%| F|  |TAMS 0x0000000743500000, 0x0000000743500000| Untracked 
|  44|0x0000000743600000, 0x0000000743600000, 0x0000000743700000|  0%| F|  |TAMS 0x0000000743600000, 0x0000000743600000| Untracked 
|  45|0x0000000743700000, 0x0000000743700000, 0x0000000743800000|  0%| F|  |TAMS 0x0000000743700000, 0x0000000743700000| Untracked 
|  46|0x0000000743800000, 0x0000000743800000, 0x0000000743900000|  0%| F|  |TAMS 0x0000000743800000, 0x0000000743800000| Untracked 
|  47|0x0000000743900000, 0x0000000743900000, 0x0000000743a00000|  0%| F|  |TAMS 0x0000000743900000, 0x0000000743900000| Untracked 
|  48|0x0000000743a00000, 0x0000000743a00000, 0x0000000743b00000|  0%| F|  |TAMS 0x0000000743a00000, 0x0000000743a00000| Untracked 
|  49|0x0000000743b00000, 0x0000000743b00000, 0x0000000743c00000|  0%| F|  |TAMS 0x0000000743b00000, 0x0000000743b00000| Untracked 
|  50|0x0000000743c00000, 0x0000000743c00000, 0x0000000743d00000|  0%| F|  |TAMS 0x0000000743c00000, 0x0000000743c00000| Untracked 
|  51|0x0000000743d00000, 0x0000000743d00000, 0x0000000743e00000|  0%| F|  |TAMS 0x0000000743d00000, 0x0000000743d00000| Untracked 
|  52|0x0000000743e00000, 0x0000000743e00000, 0x0000000743f00000|  0%| F|  |TAMS 0x0000000743e00000, 0x0000000743e00000| Untracked 
|  53|0x0000000743f00000, 0x0000000743f00000, 0x0000000744000000|  0%| F|  |TAMS 0x0000000743f00000, 0x0000000743f00000| Untracked 
|  54|0x0000000744000000, 0x0000000744000000, 0x0000000744100000|  0%| F|  |TAMS 0x0000000744000000, 0x0000000744000000| Untracked 
|  55|0x0000000744100000, 0x0000000744100000, 0x0000000744200000|  0%| F|  |TAMS 0x0000000744100000, 0x0000000744100000| Untracked 
|  56|0x0000000744200000, 0x0000000744200000, 0x0000000744300000|  0%| F|  |TAMS 0x0000000744200000, 0x0000000744200000| Untracked 
|  57|0x0000000744300000, 0x0000000744300000, 0x0000000744400000|  0%| F|  |TAMS 0x0000000744300000, 0x0000000744300000| Untracked 
|  58|0x0000000744400000, 0x0000000744400000, 0x0000000744500000|  0%| F|  |TAMS 0x0000000744400000, 0x0000000744400000| Untracked 
|  59|0x0000000744500000, 0x0000000744500000, 0x0000000744600000|  0%| F|  |TAMS 0x0000000744500000, 0x0000000744500000| Untracked 
|  60|0x0000000744600000, 0x0000000744600000, 0x0000000744700000|  0%| F|  |TAMS 0x0000000744600000, 0x0000000744600000| Untracked 
|  61|0x0000000744700000, 0x0000000744700000, 0x0000000744800000|  0%| F|  |TAMS 0x0000000744700000, 0x0000000744700000| Untracked 
|  62|0x0000000744800000, 0x0000000744800000, 0x0000000744900000|  0%| F|  |TAMS 0x0000000744800000, 0x0000000744800000| Untracked 
|  63|0x0000000744900000, 0x0000000744900000, 0x0000000744a00000|  0%| F|  |TAMS 0x0000000744900000, 0x0000000744900000| Untracked 
|  64|0x0000000744a00000, 0x0000000744a00000, 0x0000000744b00000|  0%| F|  |TAMS 0x0000000744a00000, 0x0000000744a00000| Untracked 
|  65|0x0000000744b00000, 0x0000000744b00000, 0x0000000744c00000|  0%| F|  |TAMS 0x0000000744b00000, 0x0000000744b00000| Untracked 
|  66|0x0000000744c00000, 0x0000000744c00000, 0x0000000744d00000|  0%| F|  |TAMS 0x0000000744c00000, 0x0000000744c00000| Untracked 
|  67|0x0000000744d00000, 0x0000000744d00000, 0x0000000744e00000|  0%| F|  |TAMS 0x0000000744d00000, 0x0000000744d00000| Untracked 
|  68|0x0000000744e00000, 0x0000000744e00000, 0x0000000744f00000|  0%| F|  |TAMS 0x0000000744e00000, 0x0000000744e00000| Untracked 
|  69|0x0000000744f00000, 0x0000000744f00000, 0x0000000745000000|  0%| F|  |TAMS 0x0000000744f00000, 0x0000000744f00000| Untracked 
|  70|0x0000000745000000, 0x0000000745000000, 0x0000000745100000|  0%| F|  |TAMS 0x0000000745000000, 0x0000000745000000| Untracked 
|  71|0x0000000745100000, 0x0000000745100000, 0x0000000745200000|  0%| F|  |TAMS 0x0000000745100000, 0x0000000745100000| Untracked 
|  72|0x0000000745200000, 0x0000000745200000, 0x0000000745300000|  0%| F|  |TAMS 0x0000000745200000, 0x0000000745200000| Untracked 
|  73|0x0000000745300000, 0x0000000745300000, 0x0000000745400000|  0%| F|  |TAMS 0x0000000745300000, 0x0000000745300000| Untracked 
|  74|0x0000000745400000, 0x0000000745400000, 0x0000000745500000|  0%| F|  |TAMS 0x0000000745400000, 0x0000000745400000| Untracked 
|  75|0x0000000745500000, 0x0000000745500000, 0x0000000745600000|  0%| F|  |TAMS 0x0000000745500000, 0x0000000745500000| Untracked 
|  76|0x0000000745600000, 0x0000000745600000, 0x0000000745700000|  0%| F|  |TAMS 0x0000000745600000, 0x0000000745600000| Untracked 
|  77|0x0000000745700000, 0x0000000745700000, 0x0000000745800000|  0%| F|  |TAMS 0x0000000745700000, 0x0000000745700000| Untracked 
|  78|0x0000000745800000, 0x0000000745800000, 0x0000000745900000|  0%| F|  |TAMS 0x0000000745800000, 0x0000000745800000| Untracked 
|  79|0x0000000745900000, 0x0000000745900000, 0x0000000745a00000|  0%| F|  |TAMS 0x0000000745900000, 0x0000000745900000| Untracked 
|  80|0x0000000745a00000, 0x0000000745a00000, 0x0000000745b00000|  0%| F|  |TAMS 0x0000000745a00000, 0x0000000745a00000| Untracked 
|  81|0x0000000745b00000, 0x0000000745b00000, 0x0000000745c00000|  0%| F|  |TAMS 0x0000000745b00000, 0x0000000745b00000| Untracked 
|  82|0x0000000745c00000, 0x0000000745c00000, 0x0000000745d00000|  0%| F|  |TAMS 0x0000000745c00000, 0x0000000745c00000| Untracked 
|  83|0x0000000745d00000, 0x0000000745d00000, 0x0000000745e00000|  0%| F|  |TAMS 0x0000000745d00000, 0x0000000745d00000| Untracked 
|  84|0x0000000745e00000, 0x0000000745e00000, 0x0000000745f00000|  0%| F|  |TAMS 0x0000000745e00000, 0x0000000745e00000| Untracked 
|  85|0x0000000745f00000, 0x0000000745f00000, 0x0000000746000000|  0%| F|  |TAMS 0x0000000745f00000, 0x0000000745f00000| Untracked 
|  86|0x0000000746000000, 0x0000000746000000, 0x0000000746100000|  0%| F|  |TAMS 0x0000000746000000, 0x0000000746000000| Untracked 
|  87|0x0000000746100000, 0x0000000746100000, 0x0000000746200000|  0%| F|  |TAMS 0x0000000746100000, 0x0000000746100000| Untracked 
|  88|0x0000000746200000, 0x0000000746200000, 0x0000000746300000|  0%| F|  |TAMS 0x0000000746200000, 0x0000000746200000| Untracked 
|  89|0x0000000746300000, 0x0000000746300000, 0x0000000746400000|  0%| F|  |TAMS 0x0000000746300000, 0x0000000746300000| Untracked 
|  90|0x0000000746400000, 0x0000000746400000, 0x0000000746500000|  0%| F|  |TAMS 0x0000000746400000, 0x0000000746400000| Untracked 
|  91|0x0000000746500000, 0x0000000746500000, 0x0000000746600000|  0%| F|  |TAMS 0x0000000746500000, 0x0000000746500000| Untracked 
|  92|0x0000000746600000, 0x0000000746600000, 0x0000000746700000|  0%| F|  |TAMS 0x0000000746600000, 0x0000000746600000| Untracked 
|  93|0x0000000746700000, 0x0000000746700000, 0x0000000746800000|  0%| F|  |TAMS 0x0000000746700000, 0x0000000746700000| Untracked 
|  94|0x0000000746800000, 0x0000000746800000, 0x0000000746900000|  0%| F|  |TAMS 0x0000000746800000, 0x0000000746800000| Untracked 
|  95|0x0000000746900000, 0x0000000746900000, 0x0000000746a00000|  0%| F|  |TAMS 0x0000000746900000, 0x0000000746900000| Untracked 
|  96|0x0000000746a00000, 0x0000000746a00000, 0x0000000746b00000|  0%| F|  |TAMS 0x0000000746a00000, 0x0000000746a00000| Untracked 
|  97|0x0000000746b00000, 0x0000000746b00000, 0x0000000746c00000|  0%| F|  |TAMS 0x0000000746b00000, 0x0000000746b00000| Untracked 
|  98|0x0000000746c00000, 0x0000000746c00000, 0x0000000746d00000|  0%| F|  |TAMS 0x0000000746c00000, 0x0000000746c00000| Untracked 
|  99|0x0000000746d00000, 0x0000000746d00000, 0x0000000746e00000|  0%| F|  |TAMS 0x0000000746d00000, 0x0000000746d00000| Untracked 
| 100|0x0000000746e00000, 0x0000000746e00000, 0x0000000746f00000|  0%| F|  |TAMS 0x0000000746e00000, 0x0000000746e00000| Untracked 
| 101|0x0000000746f00000, 0x0000000746f00000, 0x0000000747000000|  0%| F|  |TAMS 0x0000000746f00000, 0x0000000746f00000| Untracked 
| 102|0x0000000747000000, 0x0000000747000000, 0x0000000747100000|  0%| F|  |TAMS 0x0000000747000000, 0x0000000747000000| Untracked 
| 103|0x0000000747100000, 0x0000000747100000, 0x0000000747200000|  0%| F|  |TAMS 0x0000000747100000, 0x0000000747100000| Untracked 
| 104|0x0000000747200000, 0x0000000747200000, 0x0000000747300000|  0%| F|  |TAMS 0x0000000747200000, 0x0000000747200000| Untracked 
| 105|0x0000000747300000, 0x0000000747300000, 0x0000000747400000|  0%| F|  |TAMS 0x0000000747300000, 0x0000000747300000| Untracked 
| 106|0x0000000747400000, 0x0000000747400000, 0x0000000747500000|  0%| F|  |TAMS 0x0000000747400000, 0x0000000747400000| Untracked 
| 107|0x0000000747500000, 0x0000000747500000, 0x0000000747600000|  0%| F|  |TAMS 0x0000000747500000, 0x0000000747500000| Untracked 
| 108|0x0000000747600000, 0x0000000747600000, 0x0000000747700000|  0%| F|  |TAMS 0x0000000747600000, 0x0000000747600000| Untracked 
| 109|0x0000000747700000, 0x0000000747700000, 0x0000000747800000|  0%| F|  |TAMS 0x0000000747700000, 0x0000000747700000| Untracked 
| 110|0x0000000747800000, 0x0000000747800000, 0x0000000747900000|  0%| F|  |TAMS 0x0000000747800000, 0x0000000747800000| Untracked 
| 111|0x0000000747900000, 0x0000000747900000, 0x0000000747a00000|  0%| F|  |TAMS 0x0000000747900000, 0x0000000747900000| Untracked 
| 112|0x0000000747a00000, 0x0000000747a00000, 0x0000000747b00000|  0%| F|  |TAMS 0x0000000747a00000, 0x0000000747a00000| Untracked 
| 113|0x0000000747b00000, 0x0000000747b00000, 0x0000000747c00000|  0%| F|  |TAMS 0x0000000747b00000, 0x0000000747b00000| Untracked 
| 114|0x0000000747c00000, 0x0000000747c00000, 0x0000000747d00000|  0%| F|  |TAMS 0x0000000747c00000, 0x0000000747c00000| Untracked 
| 115|0x0000000747d00000, 0x0000000747d00000, 0x0000000747e00000|  0%| F|  |TAMS 0x0000000747d00000, 0x0000000747d00000| Untracked 
| 116|0x0000000747e00000, 0x0000000747e00000, 0x0000000747f00000|  0%| F|  |TAMS 0x0000000747e00000, 0x0000000747e00000| Untracked 
| 117|0x0000000747f00000, 0x0000000747f00000, 0x0000000748000000|  0%| F|  |TAMS 0x0000000747f00000, 0x0000000747f00000| Untracked 
| 118|0x0000000748000000, 0x0000000748000000, 0x0000000748100000|  0%| F|  |TAMS 0x0000000748000000, 0x0000000748000000| Untracked 
| 119|0x0000000748100000, 0x0000000748100000, 0x0000000748200000|  0%| F|  |TAMS 0x0000000748100000, 0x0000000748100000| Untracked 
| 120|0x0000000748200000, 0x0000000748200000, 0x0000000748300000|  0%| F|  |TAMS 0x0000000748200000, 0x0000000748200000| Untracked 
| 121|0x0000000748300000, 0x0000000748300000, 0x0000000748400000|  0%| F|  |TAMS 0x0000000748300000, 0x0000000748300000| Untracked 
| 122|0x0000000748400000, 0x0000000748400000, 0x0000000748500000|  0%| F|  |TAMS 0x0000000748400000, 0x0000000748400000| Untracked 
| 123|0x0000000748500000, 0x0000000748500000, 0x0000000748600000|  0%| F|  |TAMS 0x0000000748500000, 0x0000000748500000| Untracked 
| 124|0x0000000748600000, 0x0000000748600000, 0x0000000748700000|  0%| F|  |TAMS 0x0000000748600000, 0x0000000748600000| Untracked 
| 125|0x0000000748700000, 0x0000000748700000, 0x0000000748800000|  0%| F|  |TAMS 0x0000000748700000, 0x0000000748700000| Untracked 
| 126|0x0000000748800000, 0x0000000748800000, 0x0000000748900000|  0%| F|  |TAMS 0x0000000748800000, 0x0000000748800000| Untracked 
| 127|0x0000000748900000, 0x0000000748900000, 0x0000000748a00000|  0%| F|  |TAMS 0x0000000748900000, 0x0000000748900000| Untracked 
| 128|0x0000000748a00000, 0x0000000748a00000, 0x0000000748b00000|  0%| F|  |TAMS 0x0000000748a00000, 0x0000000748a00000| Untracked 
| 129|0x0000000748b00000, 0x0000000748b00000, 0x0000000748c00000|  0%| F|  |TAMS 0x0000000748b00000, 0x0000000748b00000| Untracked 
| 130|0x0000000748c00000, 0x0000000748c398f8, 0x0000000748d00000| 22%| S|CS|TAMS 0x0000000748c00000, 0x0000000748c00000| Complete 
| 131|0x0000000748d00000, 0x0000000748e00000, 0x0000000748e00000|100%| S|CS|TAMS 0x0000000748d00000, 0x0000000748d00000| Complete 
| 132|0x0000000748e00000, 0x0000000748f00000, 0x0000000748f00000|100%| S|CS|TAMS 0x0000000748e00000, 0x0000000748e00000| Complete 
| 133|0x0000000748f00000, 0x0000000749000000, 0x0000000749000000|100%| S|CS|TAMS 0x0000000748f00000, 0x0000000748f00000| Complete 
| 134|0x0000000749000000, 0x0000000749100000, 0x0000000749100000|100%| S|CS|TAMS 0x0000000749000000, 0x0000000749000000| Complete 
| 135|0x0000000749100000, 0x0000000749200000, 0x0000000749200000|100%| S|CS|TAMS 0x0000000749100000, 0x0000000749100000| Complete 
| 136|0x0000000749200000, 0x0000000749200000, 0x0000000749300000|  0%| F|  |TAMS 0x0000000749200000, 0x0000000749200000| Untracked 
| 137|0x0000000749300000, 0x0000000749300000, 0x0000000749400000|  0%| F|  |TAMS 0x0000000749300000, 0x0000000749300000| Untracked 
| 138|0x0000000749400000, 0x0000000749400000, 0x0000000749500000|  0%| F|  |TAMS 0x0000000749400000, 0x0000000749400000| Untracked 
| 139|0x0000000749500000, 0x0000000749500000, 0x0000000749600000|  0%| F|  |TAMS 0x0000000749500000, 0x0000000749500000| Untracked 
| 140|0x0000000749600000, 0x0000000749600000, 0x0000000749700000|  0%| F|  |TAMS 0x0000000749600000, 0x0000000749600000| Untracked 
| 141|0x0000000749700000, 0x0000000749700000, 0x0000000749800000|  0%| F|  |TAMS 0x0000000749700000, 0x0000000749700000| Untracked 
| 142|0x0000000749800000, 0x0000000749800000, 0x0000000749900000|  0%| F|  |TAMS 0x0000000749800000, 0x0000000749800000| Untracked 
| 143|0x0000000749900000, 0x0000000749a00000, 0x0000000749a00000|100%| S|CS|TAMS 0x0000000749900000, 0x0000000749900000| Complete 
| 144|0x0000000749a00000, 0x0000000749a00000, 0x0000000749b00000|  0%| F|  |TAMS 0x0000000749a00000, 0x0000000749a00000| Untracked 
| 145|0x0000000749b00000, 0x0000000749b00000, 0x0000000749c00000|  0%| F|  |TAMS 0x0000000749b00000, 0x0000000749b00000| Untracked 
| 146|0x0000000749c00000, 0x0000000749c00000, 0x0000000749d00000|  0%| F|  |TAMS 0x0000000749c00000, 0x0000000749c00000| Untracked 
| 147|0x0000000749d00000, 0x0000000749d00000, 0x0000000749e00000|  0%| F|  |TAMS 0x0000000749d00000, 0x0000000749d00000| Untracked 
| 148|0x0000000749e00000, 0x0000000749e00000, 0x0000000749f00000|  0%| F|  |TAMS 0x0000000749e00000, 0x0000000749e00000| Untracked 
| 149|0x0000000749f00000, 0x0000000749f00000, 0x000000074a000000|  0%| F|  |TAMS 0x0000000749f00000, 0x0000000749f00000| Untracked 
| 150|0x000000074a000000, 0x000000074a000000, 0x000000074a100000|  0%| F|  |TAMS 0x000000074a000000, 0x000000074a000000| Untracked 
| 151|0x000000074a100000, 0x000000074a100000, 0x000000074a200000|  0%| F|  |TAMS 0x000000074a100000, 0x000000074a100000| Untracked 
| 152|0x000000074a200000, 0x000000074a200000, 0x000000074a300000|  0%| F|  |TAMS 0x000000074a200000, 0x000000074a200000| Untracked 
| 153|0x000000074a300000, 0x000000074a300000, 0x000000074a400000|  0%| F|  |TAMS 0x000000074a300000, 0x000000074a300000| Untracked 
| 154|0x000000074a400000, 0x000000074a400000, 0x000000074a500000|  0%| F|  |TAMS 0x000000074a400000, 0x000000074a400000| Untracked 
| 155|0x000000074a500000, 0x000000074a500000, 0x000000074a600000|  0%| F|  |TAMS 0x000000074a500000, 0x000000074a500000| Untracked 
| 156|0x000000074a600000, 0x000000074a600000, 0x000000074a700000|  0%| F|  |TAMS 0x000000074a600000, 0x000000074a600000| Untracked 
| 157|0x000000074a700000, 0x000000074a700000, 0x000000074a800000|  0%| F|  |TAMS 0x000000074a700000, 0x000000074a700000| Untracked 
| 158|0x000000074a800000, 0x000000074a800000, 0x000000074a900000|  0%| F|  |TAMS 0x000000074a800000, 0x000000074a800000| Untracked 
| 159|0x000000074a900000, 0x000000074a900000, 0x000000074aa00000|  0%| F|  |TAMS 0x000000074a900000, 0x000000074a900000| Untracked 
| 160|0x000000074aa00000, 0x000000074aa00000, 0x000000074ab00000|  0%| F|  |TAMS 0x000000074aa00000, 0x000000074aa00000| Untracked 
| 161|0x000000074ab00000, 0x000000074ab00000, 0x000000074ac00000|  0%| F|  |TAMS 0x000000074ab00000, 0x000000074ab00000| Untracked 
| 162|0x000000074ac00000, 0x000000074ac00000, 0x000000074ad00000|  0%| F|  |TAMS 0x000000074ac00000, 0x000000074ac00000| Untracked 
| 163|0x000000074ad00000, 0x000000074ad00000, 0x000000074ae00000|  0%| F|  |TAMS 0x000000074ad00000, 0x000000074ad00000| Untracked 
| 164|0x000000074ae00000, 0x000000074ae00000, 0x000000074af00000|  0%| F|  |TAMS 0x000000074ae00000, 0x000000074ae00000| Untracked 
| 165|0x000000074af00000, 0x000000074af00000, 0x000000074b000000|  0%| F|  |TAMS 0x000000074af00000, 0x000000074af00000| Untracked 
| 166|0x000000074b000000, 0x000000074b000000, 0x000000074b100000|  0%| F|  |TAMS 0x000000074b000000, 0x000000074b000000| Untracked 
| 167|0x000000074b100000, 0x000000074b100000, 0x000000074b200000|  0%| F|  |TAMS 0x000000074b100000, 0x000000074b100000| Untracked 
| 168|0x000000074b200000, 0x000000074b200000, 0x000000074b300000|  0%| F|  |TAMS 0x000000074b200000, 0x000000074b200000| Untracked 
| 169|0x000000074b300000, 0x000000074b300000, 0x000000074b400000|  0%| F|  |TAMS 0x000000074b300000, 0x000000074b300000| Untracked 
| 170|0x000000074b400000, 0x000000074b400000, 0x000000074b500000|  0%| F|  |TAMS 0x000000074b400000, 0x000000074b400000| Untracked 
| 171|0x000000074b500000, 0x000000074b500000, 0x000000074b600000|  0%| F|  |TAMS 0x000000074b500000, 0x000000074b500000| Untracked 
| 172|0x000000074b600000, 0x000000074b600000, 0x000000074b700000|  0%| F|  |TAMS 0x000000074b600000, 0x000000074b600000| Untracked 
| 173|0x000000074b700000, 0x000000074b700000, 0x000000074b800000|  0%| F|  |TAMS 0x000000074b700000, 0x000000074b700000| Untracked 
| 174|0x000000074b800000, 0x000000074b800000, 0x000000074b900000|  0%| F|  |TAMS 0x000000074b800000, 0x000000074b800000| Untracked 
| 175|0x000000074b900000, 0x000000074b900000, 0x000000074ba00000|  0%| F|  |TAMS 0x000000074b900000, 0x000000074b900000| Untracked 
| 176|0x000000074ba00000, 0x000000074ba00000, 0x000000074bb00000|  0%| F|  |TAMS 0x000000074ba00000, 0x000000074ba00000| Untracked 
| 177|0x000000074bb00000, 0x000000074bb00000, 0x000000074bc00000|  0%| F|  |TAMS 0x000000074bb00000, 0x000000074bb00000| Untracked 
| 178|0x000000074bc00000, 0x000000074bc00000, 0x000000074bd00000|  0%| F|  |TAMS 0x000000074bc00000, 0x000000074bc00000| Untracked 
| 179|0x000000074bd00000, 0x000000074bd00000, 0x000000074be00000|  0%| F|  |TAMS 0x000000074bd00000, 0x000000074bd00000| Untracked 
| 180|0x000000074be00000, 0x000000074be00000, 0x000000074bf00000|  0%| F|  |TAMS 0x000000074be00000, 0x000000074be00000| Untracked 
| 181|0x000000074bf00000, 0x000000074bf00000, 0x000000074c000000|  0%| F|  |TAMS 0x000000074bf00000, 0x000000074bf00000| Untracked 
| 182|0x000000074c000000, 0x000000074c000000, 0x000000074c100000|  0%| F|  |TAMS 0x000000074c000000, 0x000000074c000000| Untracked 
| 183|0x000000074c100000, 0x000000074c100000, 0x000000074c200000|  0%| F|  |TAMS 0x000000074c100000, 0x000000074c100000| Untracked 
| 184|0x000000074c200000, 0x000000074c200000, 0x000000074c300000|  0%| F|  |TAMS 0x000000074c200000, 0x000000074c200000| Untracked 
| 185|0x000000074c300000, 0x000000074c300000, 0x000000074c400000|  0%| F|  |TAMS 0x000000074c300000, 0x000000074c300000| Untracked 
| 186|0x000000074c400000, 0x000000074c400000, 0x000000074c500000|  0%| F|  |TAMS 0x000000074c400000, 0x000000074c400000| Untracked 
| 187|0x000000074c500000, 0x000000074c580a88, 0x000000074c600000| 50%| E|  |TAMS 0x000000074c500000, 0x000000074c500000| Complete 
| 188|0x000000074c600000, 0x000000074c700000, 0x000000074c700000|100%| E|CS|TAMS 0x000000074c600000, 0x000000074c600000| Complete 
| 189|0x000000074c700000, 0x000000074c800000, 0x000000074c800000|100%| E|CS|TAMS 0x000000074c700000, 0x000000074c700000| Complete 
| 190|0x000000074c800000, 0x000000074c900000, 0x000000074c900000|100%| E|CS|TAMS 0x000000074c800000, 0x000000074c800000| Complete 
| 191|0x000000074c900000, 0x000000074ca00000, 0x000000074ca00000|100%| E|CS|TAMS 0x000000074c900000, 0x000000074c900000| Complete 

Card table byte_map: [0x0000019935e00000,0x0000019936400000] _byte_map_base: 0x00000199323fb000

Marking Bits (Prev, Next): (CMBitMap*) 0x0000019922d24e50, (CMBitMap*) 0x0000019922d24e18
 Prev Bits: [0x00000199399e0000, 0x000001993c9b8000)
 Next Bits: [0x0000019936a00000, 0x00000199399d8000)

Polling page: 0x00000199224b0000

Metaspace:

Usage:
  Non-class:     28.83 MB capacity,    28.54 MB ( 99%) used,   244.77 KB ( <1%) free+waste,    50.44 KB ( <1%) overhead. 
      Class:      4.28 MB capacity,     4.07 MB ( 95%) used,   190.23 KB (  4%) free+waste,    24.50 KB ( <1%) overhead. 
       Both:     33.11 MB capacity,    32.61 MB ( 98%) used,   435.00 KB (  1%) free+waste,    74.94 KB ( <1%) overhead. 

Virtual space:
  Non-class space:       30.00 MB reserved,      28.92 MB ( 96%) committed 
      Class space:        1.00 GB reserved,       4.38 MB ( <1%) committed 
             Both:        1.03 GB reserved,      33.30 MB (  3%) committed 

Chunk freelists:
   Non-Class:  32.00 KB
       Class:  29.00 KB
        Both:  61.00 KB

MaxMetaspaceSize: 17179869184.00 GB
CompressedClassSpaceSize: 1.00 GB
Initial GC threshold: 20.80 MB
Current GC threshold: 35.08 MB
CDS: off

CodeHeap 'non-profiled nmethods': size=120064Kb used=915Kb max_used=915Kb free=119149Kb
 bounds [0x000001992e2c0000, 0x000001992e530000, 0x0000019935800000]
CodeHeap 'profiled nmethods': size=120000Kb used=4792Kb max_used=4792Kb free=115208Kb
 bounds [0x0000019926d90000, 0x0000019927240000, 0x000001992e2c0000]
CodeHeap 'non-nmethods': size=5696Kb used=1249Kb max_used=1293Kb free=4446Kb
 bounds [0x0000019926800000, 0x0000019926a70000, 0x0000019926d90000]
 total_blobs=2921 nmethods=2394 adapters=439
 compilation: enabled
              stopped_count=0, restarted_count=0
 full_count=0

Compilation events (20 events):
Event: 1.998 Thread 0x000001993f73f000 nmethod 2389 0x0000019927233090 code [0x0000019927233260, 0x0000019927233798]
Event: 1.998 Thread 0x000001993f73a800 2385       4       sun.nio.cs.SingleByte$Decoder::decode (11 bytes)
Event: 1.998 Thread 0x000001993f73a800 nmethod 2385 0x000001992e39e390 code [0x000001992e39e520, 0x000001992e39e5d8]
Event: 1.998 Thread 0x000001993f73a800 2386       4       org.jetbrains.kotlin.com.intellij.util.text.ImmutableText$Leaf8BitNode::byteToChar (7 bytes)
Event: 1.999 Thread 0x000001993f73a800 nmethod 2386 0x000001992e39e690 code [0x000001992e39e820, 0x000001992e39e878]
Event: 1.999 Thread 0x000001993f73a800 2364       4       java.util.zip.ZipFile$ZipEntryIterator::hasMoreElements (5 bytes)
Event: 1.999 Thread 0x000001993f73a800 nmethod 2364 0x000001992e39e990 code [0x000001992e39eb20, 0x000001992e39eb98]
Event: 1.999 Thread 0x000001993f73a800 2366       4       java.util.zip.ZipFile$ZipEntryIterator::nextElement (5 bytes)
Event: 2.003 Thread 0x000001993f73a800 nmethod 2366 0x000001992e39ec90 code [0x000001992e39ee40, 0x000001992e39f388]
Event: 2.003 Thread 0x000001993f73a800 2367   !   4       java.util.zip.ZipFile$ZipEntryIterator::next (76 bytes)
Event: 2.006 Thread 0x000001993f73a800 nmethod 2367 0x000001992e39f690 code [0x000001992e39f840, 0x000001992e39fd88]
Event: 2.006 Thread 0x000001993f73a800 2369       4       org.jetbrains.kotlin.com.intellij.openapi.vfs.impl.ZipHandlerBase::getOrCreate (305 bytes)
Event: 2.009 Thread 0x000001993f73f000 2390       1       org.jetbrains.kotlin.com.intellij.psi.tree.IElementType::getIndex (5 bytes)
Event: 2.009 Thread 0x000001993f73f000 nmethod 2390 0x000001992e3a0010 code [0x000001992e3a01c0, 0x000001992e3a0278]
Event: 2.025 Thread 0x000001993f73f000 2391   !   3       org.jetbrains.kotlin.com.intellij.psi.tree.IElementType::<init> (295 bytes)
Event: 2.028 Thread 0x000001993f73f000 nmethod 2391 0x0000019927233910 code [0x0000019927233ee0, 0x0000019927236f38]
Event: 2.028 Thread 0x000001993f73f000 2392       3       org.jetbrains.kotlin.com.intellij.psi.tree.IElementType::<init> (29 bytes)
Event: 2.028 Thread 0x000001993f73f000 nmethod 2392 0x0000019927238490 code [0x0000019927238680, 0x00000199272389c8]
Event: 2.038 Thread 0x000001993f73f000 2393       3       java.lang.Class::newReflectionData (66 bytes)
Event: 2.039 Thread 0x000001993f73f000 nmethod 2393 0x0000019927238a90 code [0x0000019927238cc0, 0x0000019927239668]

GC Heap History (6 events):
Event: 0.336 GC heap before
{Heap before GC invocations=0 (full 0):
 garbage-first heap   total 196608K, used 18432K [0x0000000740a00000, 0x0000000800000000)
  region size 1024K, 14 young (14336K), 0 survivors (0K)
 Metaspace       used 9736K, capacity 9839K, committed 10112K, reserved 1058816K
  class space    used 810K, capacity 852K, committed 896K, reserved 1048576K
}
Event: 0.338 GC heap after
{Heap after GC invocations=1 (full 0):
 garbage-first heap   total 196608K, used 6281K [0x0000000740a00000, 0x0000000800000000)
  region size 1024K, 2 young (2048K), 2 survivors (2048K)
 Metaspace       used 9736K, capacity 9839K, committed 10112K, reserved 1058816K
  class space    used 810K, capacity 852K, committed 896K, reserved 1048576K
}
Event: 1.202 GC heap before
{Heap before GC invocations=1 (full 0):
 garbage-first heap   total 196608K, used 53385K [0x0000000740a00000, 0x0000000800000000)
  region size 1024K, 49 young (50176K), 2 survivors (2048K)
 Metaspace       used 20856K, capacity 21156K, committed 21296K, reserved 1069056K
  class space    used 2244K, capacity 2373K, committed 2432K, reserved 1048576K
}
Event: 1.209 GC heap after
{Heap after GC invocations=2 (full 0):
 garbage-first heap   total 196608K, used 11009K [0x0000000740a00000, 0x0000000800000000)
  region size 1024K, 7 young (7168K), 7 survivors (7168K)
 Metaspace       used 20856K, capacity 21156K, committed 21296K, reserved 1069056K
  class space    used 2244K, capacity 2373K, committed 2432K, reserved 1048576K
}
Event: 1.980 GC heap before
{Heap before GC invocations=3 (full 0):
 garbage-first heap   total 196608K, used 66305K [0x0000000740a00000, 0x0000000800000000)
  region size 1024K, 55 young (56320K), 7 survivors (7168K)
 Metaspace       used 32140K, capacity 32651K, committed 32944K, reserved 1079296K
  class space    used 3823K, capacity 4033K, committed 4096K, reserved 1048576K
}
Event: 1.991 GC heap after
{Heap after GC invocations=4 (full 0):
 garbage-first heap   total 196608K, used 23368K [0x0000000740a00000, 0x0000000800000000)
  region size 1024K, 7 young (7168K), 7 survivors (7168K)
 Metaspace       used 32140K, capacity 32651K, committed 32944K, reserved 1079296K
  class space    used 3823K, capacity 4033K, committed 4096K, reserved 1048576K
}

Deoptimization events (20 events):
Event: 1.819 Thread 0x0000019920cae000 DEOPT PACKING pc=0x000001992e2dcdb0 sp=0x00000024ac3fe400
Event: 1.819 Thread 0x0000019920cae000 DEOPT UNPACKING pc=0x000001992684a1af sp=0x00000024ac3fe3a0 mode 2
Event: 1.826 Thread 0x0000019920cae000 Uncommon trap: trap_request=0xffffffde fr.pc=0x000001992e365f04 relative=0x0000000000000064
Event: 1.826 Thread 0x0000019920cae000 Uncommon trap: reason=class_check action=maybe_recompile pc=0x000001992e365f04 method=java.util.LinkedHashMap.afterNodeInsertion(Z)V @ 15 c2
Event: 1.826 Thread 0x0000019920cae000 DEOPT PACKING pc=0x000001992e365f04 sp=0x00000024ac3fe120
Event: 1.826 Thread 0x0000019920cae000 DEOPT UNPACKING pc=0x000001992684a1af sp=0x00000024ac3fe098 mode 2
Event: 1.826 Thread 0x0000019920cae000 Uncommon trap: trap_request=0xffffffde fr.pc=0x000001992e365f04 relative=0x0000000000000064
Event: 1.826 Thread 0x0000019920cae000 Uncommon trap: reason=class_check action=maybe_recompile pc=0x000001992e365f04 method=java.util.LinkedHashMap.afterNodeInsertion(Z)V @ 15 c2
Event: 1.826 Thread 0x0000019920cae000 DEOPT PACKING pc=0x000001992e365f04 sp=0x00000024ac3fe120
Event: 1.826 Thread 0x0000019920cae000 DEOPT UNPACKING pc=0x000001992684a1af sp=0x00000024ac3fe098 mode 2
Event: 1.889 Thread 0x0000019920cae000 Uncommon trap: trap_request=0xffffff4d fr.pc=0x000001992e38a660 relative=0x0000000000000740
Event: 1.889 Thread 0x0000019920cae000 Uncommon trap: reason=unstable_if action=reinterpret pc=0x000001992e38a660 method=org.jetbrains.kotlin.com.intellij.openapi.vfs.impl.ZipEntryMap.isTheOne(Lorg/jetbrains/kotlin/com/intellij/openapi/vfs/impl/ArchiveHandler$EntryInfo;Ljava/lang/CharSequence;
Event: 1.889 Thread 0x0000019920cae000 DEOPT PACKING pc=0x000001992e38a660 sp=0x00000024ac3fe4a0
Event: 1.889 Thread 0x0000019920cae000 DEOPT UNPACKING pc=0x000001992684a1af sp=0x00000024ac3fe3e8 mode 2
Event: 1.889 Thread 0x0000019920cae000 Uncommon trap: trap_request=0xffffff4d fr.pc=0x000001992e388250 relative=0x00000000000004d0
Event: 1.889 Thread 0x0000019920cae000 Uncommon trap: reason=unstable_if action=reinterpret pc=0x000001992e388250 method=org.jetbrains.kotlin.com.intellij.openapi.vfs.impl.ZipEntryMap.isTheOne(Lorg/jetbrains/kotlin/com/intellij/openapi/vfs/impl/ArchiveHandler$EntryInfo;Ljava/lang/CharSequence;
Event: 1.889 Thread 0x0000019920cae000 DEOPT PACKING pc=0x000001992e388250 sp=0x00000024ac3fe330
Event: 1.889 Thread 0x0000019920cae000 DEOPT UNPACKING pc=0x000001992684a1af sp=0x00000024ac3fe2e0 mode 2
Event: 1.911 Thread 0x0000019920cae000 DEOPT PACKING pc=0x0000019927115378 sp=0x00000024ac3fe1b0
Event: 1.911 Thread 0x0000019920cae000 DEOPT UNPACKING pc=0x000001992684a95e sp=0x00000024ac3fd6b8 mode 0

Classes redefined (0 events):
No events

Internal exceptions (20 events):
Event: 0.902 Thread 0x0000019920cae000 Exception <a 'java/lang/NoSuchMethodError'{0x000000074a537540}: 'long java.lang.invoke.Invokers$Holder.invoke_MT(java.lang.Object, java.lang.Object, java.lang.Object, java.lang.Object)'> (0x000000074a537540) thrown at [src/hotspot/share/interpreter/linkResolver.cpp, line 773]
Event: 0.902 Thread 0x0000019920cae000 Exception <a 'java/lang/NoSuchMethodError'{0x000000074a53abc0}: 'long java.lang.invoke.DelegatingMethodHandle$Holder.reinvoke_L(java.lang.Object, java.lang.Object, java.lang.Object)'> (0x000000074a53abc0) thrown at [src/hotspot/share/interpreter/linkResolver.cpp, line 773]
Event: 0.904 Thread 0x0000019920cae000 Exception <a 'java/lang/NoSuchMethodError'{0x000000074a544880}: 'int java.lang.invoke.DirectMethodHandle$Holder.invokeSpecial(java.lang.Object, java.lang.Object, java.lang.Object, java.lang.Object)'> (0x000000074a544880) thrown at [src/hotspot/share/interpreter/linkResolver.cpp, line 773]
Event: 0.907 Thread 0x0000019920cae000 Exception <a 'java/lang/NoSuchMethodError'{0x000000074a553660}: 'int java.lang.invoke.DelegatingMethodHandle$Holder.reinvoke_L(java.lang.Object, java.lang.Object, java.lang.Object, long, int)'> (0x000000074a553660) thrown at [src/hotspot/share/interpreter/linkResolver.cpp, line 773]
Event: 1.139 Thread 0x0000019920cae000 Exception <a 'java/lang/NoSuchMethodError'{0x0000000749ccd668}: 'int java.lang.invoke.DirectMethodHandle$Holder.invokeSpecialIFC(java.lang.Object, java.lang.Object, int)'> (0x0000000749ccd668) thrown at [src/hotspot/share/interpreter/linkResolver.cpp, line 773]
Event: 1.233 Thread 0x0000019920cae000 Exception <a 'java/lang/NoSuchMethodError'{0x000000074c8ccca0}: 'java.lang.Object java.lang.invoke.DirectMethodHandle$Holder.invokeStaticInit(java.lang.Object, int)'> (0x000000074c8ccca0) thrown at [src/hotspot/share/interpreter/linkResolver.cpp, line 773]
Event: 1.256 Thread 0x0000019920cae000 Exception <a 'java/lang/NoSuchMethodError'{0x000000074c69e438}: 'long java.lang.invoke.DirectMethodHandle$Holder.invokeStatic(java.lang.Object)'> (0x000000074c69e438) thrown at [src/hotspot/share/interpreter/linkResolver.cpp, line 773]
Event: 1.256 Thread 0x0000019920cae000 Exception <a 'java/lang/NoSuchMethodError'{0x000000074c6a1290}: 'long java.lang.invoke.DirectMethodHandle$Holder.invokeStaticInit(java.lang.Object)'> (0x000000074c6a1290) thrown at [src/hotspot/share/interpreter/linkResolver.cpp, line 773]
Event: 1.318 Thread 0x0000019920cae000 Exception <a 'java/lang/NoSuchMethodError'{0x000000074c2d10b8}: 'int java.lang.invoke.DirectMethodHandle$Holder.invokeStaticInit(java.lang.Object, java.lang.Object, java.lang.Object)'> (0x000000074c2d10b8) thrown at [src/hotspot/share/interpreter/linkResolver.cpp, line 773]
Event: 1.320 Thread 0x0000019920cae000 Exception <a 'java/lang/NoSuchMethodError'{0x000000074c2fc0e8}: 'int java.lang.invoke.DirectMethodHandle$Holder.invokeStaticInit(java.lang.Object, java.lang.Object)'> (0x000000074c2fc0e8) thrown at [src/hotspot/share/interpreter/linkResolver.cpp, line 773]
Event: 1.353 Thread 0x0000019920cae000 Exception <a 'java/lang/NoSuchMethodError'{0x000000074bf17608}: 'void java.lang.invoke.DirectMethodHandle$Holder.invokeSpecial(java.lang.Object, java.lang.Object)'> (0x000000074bf17608) thrown at [src/hotspot/share/interpreter/linkResolver.cpp, line 773]
Event: 1.534 Thread 0x0000019920cae000 Exception <a 'java/lang/NoSuchMethodError'{0x000000074b7c2978}: 'java.lang.Object java.lang.invoke.DirectMethodHandle$Holder.invokeStatic(java.lang.Object, java.lang.Object, java.lang.Object, java.lang.Object, java.lang.Object, java.lang.Object, java.lang.Object, java.lang.Object, java.lang.Object, java.lang.Object, java.lang.Object, java.lang.Object, java.lang.Object, java.lang.Object, java.lang.Object)'> (0x000000074b7c2978) thrown at [src/hotspot/share/interpreter/linkResolver.cpp, line 773]
Event: 1.536 Thread 0x0000019920cae000 Exception <a 'java/lang/NoSuchMethodError'{0x000000074b7d0980}: 'java.lang.Object java.lang.invoke.DirectMethodHandle$Holder.invokeStatic(java.lang.Object, java.lang.Object, java.lang.Object, java.lang.Object, java.lang.Object, java.lang.Object, java.lang.Object, java.lang.Object, java.lang.Object, java.lang.Object, java.lang.Object, java.lang.Object, java.lang.Object, java.lang.Object, java.lang.Object, java.lang.Object)'> (0x000000074b7d0980) thrown at [src/hotspot/share/interpreter/linkResolver.cpp, lin
Event: 1.537 Thread 0x0000019920cae000 Exception <a 'java/lang/NoSuchMethodError'{0x000000074b7de898}: 'java.lang.Object java.lang.invoke.DirectMethodHandle$Holder.invokeSpecial(java.lang.Object, java.lang.Object, int, int, java.lang.Object, java.lang.Object, java.lang.Object)'> (0x000000074b7de898) thrown at [src/hotspot/share/interpreter/linkResolver.cpp, line 773]
Event: 1.538 Thread 0x0000019920cae000 Exception <a 'java/lang/NoSuchMethodError'{0x000000074b7e20d0}: 'java.lang.Object java.lang.invoke.DelegatingMethodHandle$Holder.reinvoke_L(java.lang.Object, int, int, java.lang.Object, java.lang.Object, java.lang.Object)'> (0x000000074b7e20d0) thrown at [src/hotspot/share/interpreter/linkResolver.cpp, line 773]
Event: 1.539 Thread 0x0000019920cae000 Exception <a 'java/lang/NoSuchMethodError'{0x000000074b7e6458}: 'java.lang.Object java.lang.invoke.DirectMethodHandle$Holder.invokeStatic(java.lang.Object, java.lang.Object, java.lang.Object, java.lang.Object, int)'> (0x000000074b7e6458) thrown at [src/hotspot/share/interpreter/linkResolver.cpp, line 773]
Event: 1.575 Thread 0x0000019920cae000 Exception <a 'java/lang/NoSuchMethodError'{0x000000074b50df28}: 'void java.lang.invoke.DirectMethodHandle$Holder.invokeStatic(java.lang.Object, java.lang.Object, java.lang.Object, java.lang.Object)'> (0x000000074b50df28) thrown at [src/hotspot/share/interpreter/linkResolver.cpp, line 773]
Event: 1.624 Thread 0x0000019920cae000 Exception <a 'java/lang/NoSuchMethodError'{0x000000074b101590}: 'void java.lang.invoke.DirectMethodHandle$Holder.invokeStaticInit(java.lang.Object, java.lang.Object)'> (0x000000074b101590) thrown at [src/hotspot/share/interpreter/linkResolver.cpp, line 773]
Event: 1.688 Thread 0x0000019920cae000 Exception <a 'java/lang/NoSuchMethodError'{0x000000074adacae0}: 'void java.lang.invoke.DirectMethodHandle$Holder.invokeVirtual(java.lang.Object, java.lang.Object)'> (0x000000074adacae0) thrown at [src/hotspot/share/interpreter/linkResolver.cpp, line 773]
Event: 1.697 Thread 0x0000019920cae000 Exception <a 'java/lang/NoSuchMethodError'{0x000000074ac4fb18}: 'int java.lang.invoke.DirectMethodHandle$Holder.invokeVirtual(java.lang.Object, java.lang.Object)'> (0x000000074ac4fb18) thrown at [src/hotspot/share/interpreter/linkResolver.cpp, line 773]

Events (20 events):
Event: 2.051 loading class org/jetbrains/kotlin/diagnostics/PositioningStrategies$COMPANION_OBJECT$1
Event: 2.051 loading class org/jetbrains/kotlin/diagnostics/PositioningStrategies$COMPANION_OBJECT$1 done
Event: 2.051 loading class org/jetbrains/kotlin/diagnostics/PositioningStrategies$SECONDARY_CONSTRUCTOR_DELEGATION_CALL$1
Event: 2.051 loading class org/jetbrains/kotlin/diagnostics/PositioningStrategies$SECONDARY_CONSTRUCTOR_DELEGATION_CALL$1 done
Event: 2.051 loading class org/jetbrains/kotlin/diagnostics/PositioningStrategies$DELEGATOR_SUPER_CALL$1
Event: 2.051 loading class org/jetbrains/kotlin/diagnostics/PositioningStrategies$DELEGATOR_SUPER_CALL$1 done
Event: 2.051 loading class org/jetbrains/kotlin/diagnostics/PositioningStrategies$UNUSED_VALUE$1
Event: 2.051 loading class org/jetbrains/kotlin/diagnostics/PositioningStrategies$UNUSED_VALUE$1 done
Event: 2.051 loading class org/jetbrains/kotlin/diagnostics/PositioningStrategies$USELESS_ELVIS$1
Event: 2.051 loading class org/jetbrains/kotlin/diagnostics/PositioningStrategies$USELESS_ELVIS$1 done
Event: 2.052 loading class org/jetbrains/kotlin/diagnostics/PositioningStrategies$IMPORT_ALIAS$1
Event: 2.052 loading class org/jetbrains/kotlin/diagnostics/PositioningStrategies$IMPORT_ALIAS$1 done
Event: 2.052 loading class org/jetbrains/kotlin/diagnostics/PositioningStrategies$RETURN_WITH_LABEL$1
Event: 2.052 loading class org/jetbrains/kotlin/diagnostics/PositioningStrategies$RETURN_WITH_LABEL$1 done
Event: 2.052 loading class org/jetbrains/kotlin/diagnostics/PositioningStrategies$RECEIVER$1
Event: 2.052 loading class org/jetbrains/kotlin/diagnostics/PositioningStrategies$RECEIVER$1 done
Event: 2.052 loading class org/jetbrains/kotlin/diagnostics/PositioningStrategies$OPERATOR$1
Event: 2.052 loading class org/jetbrains/kotlin/diagnostics/PositioningStrategies$OPERATOR$1 done
Event: 2.052 loading class org/jetbrains/kotlin/diagnostics/PositioningStrategies$DOT_BY_QUALIFIED$1
Event: 2.052 loading class org/jetbrains/kotlin/diagnostics/PositioningStrategies$DOT_BY_QUALIFIED$1 done


Dynamic libraries:
0x00007ff63d860000 - 0x00007ff63d86a000 	C:\Program Files\Android\Android Studio\jbr\bin\java.exe
0x00007ffcda510000 - 0x00007ffcda708000 	C:\Windows\SYSTEM32\ntdll.dll
0x00007ffcd91a0000 - 0x00007ffcd925f000 	C:\Windows\System32\KERNEL32.DLL
0x00007ffcd7fe0000 - 0x00007ffcd82b2000 	C:\Windows\System32\KERNELBASE.dll
0x00007ffcd7e70000 - 0x00007ffcd7f70000 	C:\Windows\System32\ucrtbase.dll
0x00007ffccffa0000 - 0x00007ffccffbb000 	C:\Program Files\Android\Android Studio\jbr\bin\VCRUNTIME140.dll
0x00007ffcd2630000 - 0x00007ffcd2647000 	C:\Program Files\Android\Android Studio\jbr\bin\jli.dll
0x00007ffcd9f20000 - 0x00007ffcda0c1000 	C:\Windows\System32\USER32.dll
0x00007ffcd6f90000 - 0x00007ffcd722a000 	C:\Windows\WinSxS\amd64_microsoft.windows.common-controls_6595b64144ccf1df_6.0.19041.1110_none_60b5254171f9507e\COMCTL32.dll
0x00007ffcd7c00000 - 0x00007ffcd7c22000 	C:\Windows\System32\win32u.dll
0x00007ffcda430000 - 0x00007ffcda4ce000 	C:\Windows\System32\msvcrt.dll
0x00007ffcd9510000 - 0x00007ffcd953b000 	C:\Windows\System32\GDI32.dll
0x00007ffcd7cb0000 - 0x00007ffcd7dbf000 	C:\Windows\System32\gdi32full.dll
0x00007ffcd82c0000 - 0x00007ffcd835d000 	C:\Windows\System32\msvcp_win.dll
0x00007ffcd8c90000 - 0x00007ffcd8cc2000 	C:\Windows\System32\IMM32.DLL
0x00007ffcb3af0000 - 0x00007ffcb3b7d000 	C:\Program Files\Android\Android Studio\jbr\bin\msvcp140.dll
0x00007ffc94e70000 - 0x00007ffc94e7c000 	C:\Windows\SYSTEM32\VCRUNTIME140_1.dll
0x00007ffc94260000 - 0x00007ffc94e1c000 	C:\Program Files\Android\Android Studio\jbr\bin\server\jvm.dll
0x00007ffcd90f0000 - 0x00007ffcd919e000 	C:\Windows\System32\ADVAPI32.dll
0x00007ffcd9270000 - 0x00007ffcd930c000 	C:\Windows\System32\sechost.dll
0x00007ffcd93e0000 - 0x00007ffcd9505000 	C:\Windows\System32\RPCRT4.dll
0x00007ffcda340000 - 0x00007ffcda348000 	C:\Windows\System32\PSAPI.DLL
0x00007ffcccbe0000 - 0x00007ffcccc07000 	C:\Windows\SYSTEM32\WINMM.dll
0x00007ffc94250000 - 0x00007ffc94259000 	C:\Windows\SYSTEM32\WSOCK32.dll
0x00007ffcd0e30000 - 0x00007ffcd0e3a000 	C:\Windows\SYSTEM32\VERSION.dll
0x00007ffcd9310000 - 0x00007ffcd937b000 	C:\Windows\System32\WS2_32.dll
0x00007ffcd4de0000 - 0x00007ffcd4df2000 	C:\Windows\SYSTEM32\kernel.appcore.dll
0x00007ffc94e40000 - 0x00007ffc94e50000 	C:\Program Files\Android\Android Studio\jbr\bin\verify.dll
0x00007ffcd7590000 - 0x00007ffcd7774000 	C:\Windows\SYSTEM32\DBGHELP.DLL
0x00007ffcd73b0000 - 0x00007ffcd73e5000 	C:\Windows\SYSTEM32\dbgcore.DLL
0x00007ffcd84c0000 - 0x00007ffcd8542000 	C:\Windows\System32\bcryptPrimitives.dll
0x00007ffc94220000 - 0x00007ffc94248000 	C:\Program Files\Android\Android Studio\jbr\bin\java.dll
0x00007ffc94e30000 - 0x00007ffc94e3a000 	C:\Program Files\Android\Android Studio\jbr\bin\jimage.dll
0x00007ffc941c0000 - 0x00007ffc941d8000 	C:\Program Files\Android\Android Studio\jbr\bin\zip.dll
0x00007ffcd9540000 - 0x00007ffcd9c84000 	C:\Windows\System32\SHELL32.dll
0x00007ffcd5670000 - 0x00007ffcd5e02000 	C:\Windows\SYSTEM32\windows.storage.dll
0x00007ffcd8d30000 - 0x00007ffcd9085000 	C:\Windows\System32\combase.dll
0x00007ffcd6ef0000 - 0x00007ffcd6f20000 	C:\Windows\SYSTEM32\Wldp.dll
0x00007ffcda0d0000 - 0x00007ffcda17d000 	C:\Windows\System32\SHCORE.dll
0x00007ffcd8c30000 - 0x00007ffcd8c85000 	C:\Windows\System32\shlwapi.dll
0x00007ffcd7b40000 - 0x00007ffcd7b5f000 	C:\Windows\SYSTEM32\profapi.dll
0x00007ffc94180000 - 0x00007ffc94199000 	C:\Program Files\Android\Android Studio\jbr\bin\net.dll
0x00007ffcceff0000 - 0x00007ffccf0fc000 	C:\Windows\SYSTEM32\WINHTTP.dll
0x00007ffcd6dc0000 - 0x00007ffcd6e2a000 	C:\Windows\system32\mswsock.dll
0x00007ffc94160000 - 0x00007ffc94173000 	C:\Program Files\Android\Android Studio\jbr\bin\nio.dll

dbghelp: loaded successfully - version: 4.0.5 - missing functions: none
symbol engine: initialized successfully - sym options: 0x614 - pdb path: .;C:\Program Files\Android\Android Studio\jbr\bin;C:\Windows\SYSTEM32;C:\Windows\WinSxS\amd64_microsoft.windows.common-controls_6595b64144ccf1df_6.0.19041.1110_none_60b5254171f9507e;C:\Program Files\Android\Android Studio\jbr\bin\server

VM Arguments:
java_command: org.jetbrains.kotlin.cli.jvm.K2JVMCompiler @P:\YourNotes\app\build\20230201_3979690367035890461.compiler.options
java_class_path (initial): C:\Users\Administrator\.gradle\caches\modules-2\files-2.1\org.jetbrains.kotlin\kotlin-compiler-embeddable\1.7.21\a36688d6a38ea94ac3fce84e198ea2cb6c6a8e88\kotlin-compiler-embeddable-1.7.21.jar;C:\Users\Administrator\.gradle\caches\modules-2\files-2.1\org.jetbrains.kotlin\kotlin-reflect\1.7.21\ad6d09bc4db0eab1069112eea8ebea0be7be44f\kotlin-reflect-1.7.21.jar;C:\Users\Administrator\.gradle\caches\modules-2\files-2.1\org.jetbrains.kotlin\kotlin-stdlib\1.7.21\1a2eaf898a0dda83037034b10a42053cf8a7caf8\kotlin-stdlib-1.7.21.jar;C:\Users\Administrator\.gradle\caches\modules-2\files-2.1\org.jetbrains.kotlin\kotlin-script-runtime\1.7.21\b06d5c58297dccce2a0f69b0636804b0a73b3b9\kotlin-script-runtime-1.7.21.jar;C:\Users\Administrator\.gradle\caches\modules-2\files-2.1\org.jetbrains.kotlin\kotlin-daemon-embeddable\1.7.21\b94818f660cc50f5d39f04b6396ac38e4d3a9eb7\kotlin-daemon-embeddable-1.7.21.jar;C:\Users\Administrator\.gradle\caches\modules-2\files-2.1\org.jetbrains.intellij.deps\trove4j\1.0.20200330\3afb14d5f9ceb459d724e907a21145e8ff394f02\trove4j-1.0.20200330.jar;C:\Users\Administrator\.gradle\caches\modules-2\files-2.1\net.java.dev.jna\jna\5.6.0\330f2244e9030119ab3030fc3fededc86713d9cc\jna-5.6.0.jar;C:\Users\Administrator\.gradle\caches\modules-2\files-2.1\org.jetbrains.kotlin\kotlin-stdlib-common\1.7.21\cb02257de8e13e8498f8e2f69f742f2d438e794d\kotlin-stdlib-common-1.7.21.jar;C:\Users\Administrator\.gradle\caches\modules-2\files-2.1\org.jetbrains\annotations\13.0\919f0dfe192fb4e063e7dacadee7f8bb9a2672a9\annotations-13.0.jar
Launcher Type: SUN_STANDARD

[Global flags]
     intx CICompilerCount                          = 3                                         {product} {ergonomic}
     uint ConcGCThreads                            = 1                                         {product} {ergonomic}
     uint G1ConcRefinementThreads                  = 4                                         {product} {ergonomic}
   size_t G1HeapRegionSize                         = 1048576                                   {product} {ergonomic}
    uintx GCDrainStackTargetSize                   = 64                                        {product} {ergonomic}
   size_t InitialHeapSize                          = 201326592                                 {product} {ergonomic}
   size_t MarkStackSize                            = 4194304                                   {product} {ergonomic}
   size_t MaxHeapSize                              = 3210739712                                {product} {ergonomic}
   size_t MaxNewSize                               = 1926234112                                {product} {ergonomic}
   size_t MinHeapDeltaBytes                        = 1048576                                   {product} {ergonomic}
    uintx NonNMethodCodeHeapSize                   = 5830732                                {pd product} {ergonomic}
    uintx NonProfiledCodeHeapSize                  = 122913754                              {pd product} {ergonomic}
    uintx ProfiledCodeHeapSize                     = 122913754                              {pd product} {ergonomic}
    uintx ReservedCodeCacheSize                    = 251658240                              {pd product} {ergonomic}
     bool SegmentedCodeCache                       = true                                      {product} {ergonomic}
     bool UseCompressedClassPointers               = true                                 {lp64_product} {ergonomic}
     bool UseCompressedOops                        = true                                 {lp64_product} {ergonomic}
     bool UseG1GC                                  = true                                      {product} {ergonomic}
     bool UseLargePagesIndividualAllocation        = false                                  {pd product} {ergonomic}

Logging:
Log output configuration:
 #0: stdout all=warning uptime,level,tags
 #1: stderr all=off uptime,level,tags

Environment Variables:
PATH=C:\Program Files\Common Files\Oracle\Java\javapath;C:\Windows\system32;C:\Windows;C:\Windows\System32\Wbem;C:\Windows\System32\WindowsPowerShell\v1.0\;C:\Windows\System32\OpenSSH\;C:\Program Files\Git\cmd;C:\Program Files\nodejs\;C:\Users\Administrator\AppData\Local\Microsoft\WindowsApps;D:\Microsoft VS Code\bin;C:\Program Files\Java\jdk-19\bin;;C:\Program Files\JetBrains\IntelliJ IDEA Community Edition 2022.3.1\bin;;C:\Users\Administrator\AppData\Roaming\npm
USERNAME=Administrator
OS=Windows_NT
PROCESSOR_IDENTIFIER=Intel64 Family 6 Model 158 Stepping 9, GenuineIntel



---------------  S Y S T E M  ---------------

OS: Windows 10 , 64 bit Build 19041 (10.0.19041.2364)
OS uptime: 0 days 3:52 hours

CPU:total 4 (initial active 4) (2 cores per cpu, 2 threads per core) family 6 model 158 stepping 9 microcode 0xb4, cmov, cx8, fxsr, mmx, sse, sse2, sse3, ssse3, sse4.1, sse4.2, popcnt, avx, avx2, aes, clmul, erms, 3dnowpref, lzcnt, ht, tsc, tscinvbit, bmi1, bmi2, adx, fma

Memory: 4k page, system-wide physical 12246M (1530M free)
TotalPageFile size 18401M (AvailPageFile size 2677M)
current process WorkingSet (physical memory assigned to process): 198M, peak: 198M
current process commit charge ("private bytes"): 343M, peak: 343M

vm_info: OpenJDK 64-Bit Server VM (11.0.15+0-b2043.56-8887301) for windows-amd64 JRE (11.0.15+0-b2043.56-8887301), built on Jul 29 2022 23:19:47 by "builduser" with unknown MS VC++:1929

END.
